{
  "RSpec": {
    "coverage": {
      "/home/decisive-chain-1656/tic-tac-toe-rb-bootcamp-prep-000/lib/tic_tac_toe.rb": [
        null,
        1,
        null,
        null,
        null,
        null,
        null,
        null,
        null,
        null,
        1,
        2,
        2,
        2,
        2,
        2,
        null,
        1,
        5,
        null,
        1,
        4,
        null,
        1,
        11,
        null,
        1,
        5,
        1,
        4,
        2,
        null,
        null,
        1,
        30,
        null,
        null,
        1,
        2,
        null,
        1,
        2,
        2,
        2,
        2,
        1,
        null,
        1,
        null,
        null
      ]
    },
    "timestamp": 1602881503
  }
}
