{
  "RSpec": {
    "coverage": {
      "/home/decisive-chain-1656/tic-tac-toe-rb-bootcamp-prep-000/lib/tic_tac_toe.rb": [
        null,
        1,
        null,
        null,
        null,
        null,
        null,
        null,
        null,
        null,
        1,
        2,
        2,
        2,
        2,
        2,
        null,
        1,
        3,
        null,
        1,
        3,
        null,
        1,
        9,
        null,
        1,
        4,
        1,
        2,
        1,
        null,
        null,
        1,
        20,
        null,
        null,
        1,
        1,
        null,
        1,
        1,
        1,
        1,
        0,
        null,
        0,
        0,
        null
      ]
    },
    "timestamp": 1602877355
  }
}
